nov 28, 2018 4:41:42 PM Moduls.ModulHabitacio crearHabitacio
INFORMACIÓN: S'ha afegit el registre: 0 Habitació: 101, Tipus: Simple, Nº llits: 1, Tipus llits: Individual, Estat: Activa
nov 28, 2018 4:45:59 PM Moduls.ModulHabitacio crearHabitacio
INFORMACIÓN: S'ha afegit el registre: 0 Habitació: 102, Tipus: Simple, Nº llits: 1, Tipus llits: Individual, Estat: Activa
nov 30, 2018 3:21:53 PM Moduls.ModulHabitacio crearHabitacio
INFORMACIÓN: S'ha afegit el registre: 0 Habitació: 101, Tipus: Simple, Nº llits: 1, Tipus llits: Individual, Estat: Activa
nov 30, 2018 5:19:32 PM Moduls.ModulHabitacio crearHabitacio
INFORMACIÓN: S'ha afegit el registre: 0 Habitació: 1, Tipus: Simple, Nº llits: 1, Tipus llits: Individual, Estat: Activa
dic 02, 2018 6:44:33 PM Moduls.ModulHabitacio crearHabitacio
INFORMACIÓN: S'ha afegit el registre: 0 Habitació: 101, Tipus: Simple, Nº llits: 1, Tipus llits: Individual, Estat: Activa
dic 02, 2018 6:46:31 PM Moduls.ModulHabitacio crearHabitacio
INFORMACIÓN: S'ha afegit el registre: 0 Habitació: 111, Tipus: Simple, Nº llits: 1, Tipus llits: Individual, Estat: Activa
dic 02, 2018 6:46:35 PM framesHabitacions.JFrameBaixaHabitacio btnAcceptarEliminarActionPerformed
INFORMACIÓN: S'ha eliminat el registre: 0 Habitació: 111, Tipus: Simple, Nº llits: 1, Tipus llits: Individual, Estat: Activa
dic 02, 2018 6:47:16 PM Moduls.ModulHabitacio crearHabitacio
INFORMACIÓN: S'ha afegit el registre: 1 Habitació: 101, Tipus: Simple, Nº llits: 1, Tipus llits: Individual, Estat: Activa
dic 02, 2018 6:47:23 PM Moduls.ModulHabitacio crearHabitacio
INFORMACIÓN: S'ha afegit el registre: 2 Habitació: 102, Tipus: Simple, Nº llits: 1, Tipus llits: Individual, Estat: Activa
dic 02, 2018 6:47:26 PM Moduls.ModulHabitacio crearHabitacio
INFORMACIÓN: S'ha afegit el registre: 3 Habitació: 103, Tipus: Simple, Nº llits: 1, Tipus llits: Individual, Estat: Activa
dic 02, 2018 6:54:26 PM Moduls.ModulHabitacio crearHabitacio
INFORMACIÓN: S'ha afegit el registre: 0 Habitació: 101, Tipus: Simple, Nº llits: 1, Tipus llits: Individual, Estat: Activa
dic 02, 2018 6:54:29 PM Moduls.ModulHabitacio crearHabitacio
INFORMACIÓN: S'ha afegit el registre: 1 Habitació: 102, Tipus: Simple, Nº llits: 1, Tipus llits: Individual, Estat: Activa
dic 02, 2018 6:54:32 PM Moduls.ModulHabitacio crearHabitacio
INFORMACIÓN: S'ha afegit el registre: 2 Habitació: 103, Tipus: Simple, Nº llits: 1, Tipus llits: Individual, Estat: Activa
dic 02, 2018 6:55:27 PM framesHabitacions.JFrameBaixaHabitacio btnAcceptarEliminarActionPerformed
INFORMACIÓN: ELIMINAR: 0 Habitació: 101, Tipus: Simple, Nº llits: 1, Tipus llits: Individual, Estat: Activa
dic 02, 2018 6:55:36 PM Moduls.ModulHabitacio crearHabitacio
INFORMACIÓN: S'ha afegit el registre: 3 Habitació: 101, Tipus: Simple, Nº llits: 1, Tipus llits: Individual, Estat: Activa
dic 02, 2018 7:05:45 PM Moduls.ModulHabitacio crearHabitacio
INFORMACIÓN: S'ha afegit el registre: 0 Habitació: 101, Tipus: Simple, Nº llits: 1, Tipus llits: Individual, Estat: Activa
dic 02, 2018 7:08:14 PM Moduls.ModulHabitacio crearHabitacio
INFORMACIÓN: S'ha afegit el registre: 0 Habitació: 101, Tipus: Simple, Nº llits: 1, Tipus llits: Individual, Estat: Activa
dic 02, 2018 7:10:00 PM Moduls.ModulHabitacio crearHabitacio
INFORMACIÓN: S'ha afegit el registre: 0 Habitació: 1, Tipus: Simple, Nº llits: 1, Tipus llits: Individual, Estat: Activa
dic 02, 2018 7:41:00 PM Moduls.ModulHabitacio crearHabitacio
INFORMACIÓN: S'ha afegit el registre: 0 Habitació: 101, Tipus: Simple, Nº llits: 1, Tipus llits: Individual, Estat: Activa
dic 02, 2018 7:49:12 PM Moduls.ModulHabitacio crearHabitacio
INFORMACIÓN: S'ha afegit el registre: 0 Habitació: 101, Tipus: Simple, Nº llits: 1, Tipus llits: Individual, Estat: Activa
dic 02, 2018 8:12:52 PM Moduls.ModulHabitacio crearHabitacio
INFORMACIÓN: S'ha afegit el registre: 0 Habitació: 101, Tipus: Simple, Nº llits: 1, Tipus llits: Individual, Estat: Activa
dic 02, 2018 8:14:26 PM Moduls.ModulHabitacio crearHabitacio
INFORMACIÓN: S'ha afegit el registre: 0 Habitació: 01, Tipus: Simple, Nº llits: 1, Tipus llits: Individual, Estat: Activa
dic 02, 2018 8:15:39 PM Moduls.ModulHabitacio crearHabitacio
INFORMACIÓN: S'ha afegit el registre: 0 Habitació: 101, Tipus: Simple, Nº llits: 1, Tipus llits: Individual, Estat: Activa
